{"meta": {"format": 3, "version": "7.9.1", "timestamp": "2025-10-02T17:19:54.711543", "branch_coverage": false, "show_contexts": false}, "files": {"omics_oracle_v2/lib/ai/__init__.py": {"executed_lines": [1, 45, 46, 54, 56], "summary": {"covered_lines": 4, "num_statements": 4, "percent_covered": 100.0, "percent_covered_display": "100", "missing_lines": 0, "excluded_lines": 0}, "missing_lines": [], "excluded_lines": [], "functions": {"": {"executed_lines": [1, 45, 46, 54, 56], "summary": {"covered_lines": 4, "num_statements": 4, "percent_covered": 100.0, "percent_covered_display": "100", "missing_lines": 0, "excluded_lines": 0}, "missing_lines": [], "excluded_lines": []}}, "classes": {"": {"executed_lines": [1, 45, 46, 54, 56], "summary": {"covered_lines": 4, "num_statements": 4, "percent_covered": 100.0, "percent_covered_display": "100", "missing_lines": 0, "excluded_lines": 0}, "missing_lines": [], "excluded_lines": []}}}, "omics_oracle_v2/lib/ai/client.py": {"executed_lines": [1, 8, 9, 11, 12, 13, 21, 22, 29, 32, 33, 35, 41, 42, 52, 59, 61, 65, 68, 69, 70, 71, 72, 76, 77, 79, 82, 84, 86, 108, 109, 110, 113, 116, 123, 125, 127, 134, 135, 139, 140, 141, 145, 146, 148, 149, 152, 164, 166, 171, 177, 181, 182, 184, 186, 188, 189, 191, 193, 197, 198, 200, 202, 206, 209, 211, 213, 227, 230, 231, 242, 243, 245, 246, 247, 249, 263, 271, 273, 276, 279, 286, 296, 298], "summary": {"covered_lines": 82, "num_statements": 94, "percent_covered": 87.23404255319149, "percent_covered_display": "87", "missing_lines": 12, "excluded_lines": 0}, "missing_lines": [36, 37, 38, 62, 63, 73, 74, 173, 174, 175, 228, 264], "excluded_lines": [], "functions": {"SummarizationClient.__init__": {"executed_lines": [59, 61, 65, 68, 69, 70, 71, 72, 76, 77, 79, 82, 84], "summary": {"covered_lines": 13, "num_statements": 17, "percent_covered": 76.47058823529412, "percent_covered_display": "76", "missing_lines": 4, "excluded_lines": 0}, "missing_lines": [62, 63, 73, 74], "excluded_lines": []}, "SummarizationClient.summarize": {"executed_lines": [108, 109, 110, 113, 116, 123, 125, 127, 134, 135, 139, 140, 141, 145, 146, 148, 149, 152, 164, 166, 171], "summary": {"covered_lines": 21, "num_statements": 24, "percent_covered": 87.5, "percent_covered_display": "88", "missing_lines": 3, "excluded_lines": 0}, "missing_lines": [173, 174, 175], "excluded_lines": []}, "SummarizationClient._generate_overview": {"executed_lines": [181, 182, 184], "summary": {"covered_lines": 3, "num_statements": 3, "percent_covered": 100.0, "percent_covered_display": "100", "missing_lines": 0, "excluded_lines": 0}, "missing_lines": [], "excluded_lines": []}, "SummarizationClient._generate_methodology": {"executed_lines": [188, 189, 191], "summary": {"covered_lines": 3, "num_statements": 3, "percent_covered": 100.0, "percent_covered_display": "100", "missing_lines": 0, "excluded_lines": 0}, "missing_lines": [], "excluded_lines": []}, "SummarizationClient._generate_significance": {"executed_lines": [197, 198, 200], "summary": {"covered_lines": 3, "num_statements": 3, "percent_covered": 100.0, "percent_covered_display": "100", "missing_lines": 0, "excluded_lines": 0}, "missing_lines": [], "excluded_lines": []}, "SummarizationClient._generate_brief": {"executed_lines": [206, 209, 211], "summary": {"covered_lines": 3, "num_statements": 3, "percent_covered": 100.0, "percent_covered_display": "100", "missing_lines": 0, "excluded_lines": 0}, "missing_lines": [], "excluded_lines": []}, "SummarizationClient._call_llm": {"executed_lines": [227, 230, 231, 242, 243, 245, 246, 247], "summary": {"covered_lines": 8, "num_statements": 9, "percent_covered": 88.88888888888889, "percent_covered_display": "89", "missing_lines": 1, "excluded_lines": 0}, "missing_lines": [228], "excluded_lines": []}, "SummarizationClient.summarize_batch": {"executed_lines": [263, 271, 273, 276, 279, 286], "summary": {"covered_lines": 6, "num_statements": 7, "percent_covered": 85.71428571428571, "percent_covered_display": "86", "missing_lines": 1, "excluded_lines": 0}, "missing_lines": [264], "excluded_lines": []}, "SummarizationClient.get_model_info": {"executed_lines": [298], "summary": {"covered_lines": 1, "num_statements": 1, "percent_covered": 100.0, "percent_covered_display": "100", "missing_lines": 0, "excluded_lines": 0}, "missing_lines": [], "excluded_lines": []}, "": {"executed_lines": [1, 8, 9, 11, 12, 13, 21, 22, 29, 32, 33, 35, 41, 42, 52, 86, 177, 186, 193, 202, 213, 249, 296], "summary": {"covered_lines": 21, "num_statements": 24, "percent_covered": 87.5, "percent_covered_display": "88", "missing_lines": 3, "excluded_lines": 0}, "missing_lines": [36, 37, 38], "excluded_lines": []}}, "classes": {"SummarizationClient": {"executed_lines": [59, 61, 65, 68, 69, 70, 71, 72, 76, 77, 79, 82, 84, 108, 109, 110, 113, 116, 123, 125, 127, 134, 135, 139, 140, 141, 145, 146, 148, 149, 152, 164, 166, 171, 181, 182, 184, 188, 189, 191, 197, 198, 200, 206, 209, 211, 227, 230, 231, 242, 243, 245, 246, 247, 263, 271, 273, 276, 279, 286, 298], "summary": {"covered_lines": 61, "num_statements": 70, "percent_covered": 87.14285714285714, "percent_covered_display": "87", "missing_lines": 9, "excluded_lines": 0}, "missing_lines": [62, 63, 73, 74, 173, 174, 175, 228, 264], "excluded_lines": []}, "": {"executed_lines": [1, 8, 9, 11, 12, 13, 21, 22, 29, 32, 33, 35, 41, 42, 52, 86, 177, 186, 193, 202, 213, 249, 296], "summary": {"covered_lines": 21, "num_statements": 24, "percent_covered": 87.5, "percent_covered_display": "88", "missing_lines": 3, "excluded_lines": 0}, "missing_lines": [36, 37, 38], "excluded_lines": []}}}, "omics_oracle_v2/lib/ai/models.py": {"executed_lines": [1, 8, 9, 11, 14, 15, 17, 18, 19, 20, 23, 24, 26, 27, 30, 33, 36, 41, 42, 44, 46, 47, 48, 49, 50, 51, 52, 53, 54, 56, 58, 68, 70, 71, 72, 73, 74, 75, 79, 80, 82, 83, 84, 87, 88, 90, 91, 92, 93, 96, 99, 100, 102, 103, 104, 105, 108, 109, 111, 113, 114, 115, 116, 117], "summary": {"covered_lines": 56, "num_statements": 57, "percent_covered": 98.24561403508773, "percent_covered_display": "98", "missing_lines": 1, "excluded_lines": 0}, "missing_lines": [76], "excluded_lines": [], "functions": {"SummaryResponse.has_content": {"executed_lines": [58], "summary": {"covered_lines": 1, "num_statements": 1, "percent_covered": 100.0, "percent_covered_display": "100", "missing_lines": 0, "excluded_lines": 0}, "missing_lines": [], "excluded_lines": []}, "SummaryResponse.get_primary_summary": {"executed_lines": [70, 71, 72, 73, 74, 75], "summary": {"covered_lines": 6, "num_statements": 7, "percent_covered": 85.71428571428571, "percent_covered_display": "86", "missing_lines": 1, "excluded_lines": 0}, "missing_lines": [76], "excluded_lines": []}, "": {"executed_lines": [1, 8, 9, 11, 14, 15, 17, 18, 19, 20, 23, 24, 26, 27, 30, 33, 36, 41, 42, 44, 46, 47, 48, 49, 50, 51, 52, 53, 54, 56, 68, 79, 80, 82, 83, 84, 87, 88, 90, 91, 92, 93, 96, 99, 100, 102, 103, 104, 105, 108, 109, 111, 113, 114, 115, 116, 117], "summary": {"covered_lines": 49, "num_statements": 49, "percent_covered": 100.0, "percent_covered_display": "100", "missing_lines": 0, "excluded_lines": 0}, "missing_lines": [], "excluded_lines": []}}, "classes": {"SummaryType": {"executed_lines": [], "summary": {"covered_lines": 0, "num_statements": 0, "percent_covered": 100.0, "percent_covered_display": "100", "missing_lines": 0, "excluded_lines": 0}, "missing_lines": [], "excluded_lines": []}, "SummaryRequest": {"executed_lines": [], "summary": {"covered_lines": 0, "num_statements": 0, "percent_covered": 100.0, "percent_covered_display": "100", "missing_lines": 0, "excluded_lines": 0}, "missing_lines": [], "excluded_lines": []}, "SummaryResponse": {"executed_lines": [58, 70, 71, 72, 73, 74, 75], "summary": {"covered_lines": 7, "num_statements": 8, "percent_covered": 87.5, "percent_covered_display": "88", "missing_lines": 1, "excluded_lines": 0}, "missing_lines": [76], "excluded_lines": []}, "BatchSummaryRequest": {"executed_lines": [], "summary": {"covered_lines": 0, "num_statements": 0, "percent_covered": 100.0, "percent_covered_display": "100", "missing_lines": 0, "excluded_lines": 0}, "missing_lines": [], "excluded_lines": []}, "BatchSummaryResponse": {"executed_lines": [], "summary": {"covered_lines": 0, "num_statements": 0, "percent_covered": 100.0, "percent_covered_display": "100", "missing_lines": 0, "excluded_lines": 0}, "missing_lines": [], "excluded_lines": []}, "PromptTemplate": {"executed_lines": [], "summary": {"covered_lines": 0, "num_statements": 0, "percent_covered": 100.0, "percent_covered_display": "100", "missing_lines": 0, "excluded_lines": 0}, "missing_lines": [], "excluded_lines": []}, "ModelInfo": {"executed_lines": [], "summary": {"covered_lines": 0, "num_statements": 0, "percent_covered": 100.0, "percent_covered_display": "100", "missing_lines": 0, "excluded_lines": 0}, "missing_lines": [], "excluded_lines": []}, "": {"executed_lines": [1, 8, 9, 11, 14, 15, 17, 18, 19, 20, 23, 24, 26, 27, 30, 33, 36, 41, 42, 44, 46, 47, 48, 49, 50, 51, 52, 53, 54, 56, 68, 79, 80, 82, 83, 84, 87, 88, 90, 91, 92, 93, 96, 99, 100, 102, 103, 104, 105, 108, 109, 111, 113, 114, 115, 116, 117], "summary": {"covered_lines": 49, "num_statements": 49, "percent_covered": 100.0, "percent_covered_display": "100", "missing_lines": 0, "excluded_lines": 0}, "missing_lines": [], "excluded_lines": []}}}, "omics_oracle_v2/lib/ai/prompts.py": {"executed_lines": [1, 7, 10, 11, 13, 14, 28, 29, 31, 50, 52, 53, 63, 83, 85, 86, 99, 117, 119, 120, 130, 150], "summary": {"covered_lines": 20, "num_statements": 20, "percent_covered": 100.0, "percent_covered_display": "100", "missing_lines": 0, "excluded_lines": 0}, "missing_lines": [], "excluded_lines": [], "functions": {"PromptBuilder.build_overview_prompt": {"executed_lines": [28, 29, 31, 50], "summary": {"covered_lines": 4, "num_statements": 4, "percent_covered": 100.0, "percent_covered_display": "100", "missing_lines": 0, "excluded_lines": 0}, "missing_lines": [], "excluded_lines": []}, "PromptBuilder.build_methodology_prompt": {"executed_lines": [63, 83], "summary": {"covered_lines": 2, "num_statements": 2, "percent_covered": 100.0, "percent_covered_display": "100", "missing_lines": 0, "excluded_lines": 0}, "missing_lines": [], "excluded_lines": []}, "PromptBuilder.build_significance_prompt": {"executed_lines": [99, 117], "summary": {"covered_lines": 2, "num_statements": 2, "percent_covered": 100.0, "percent_covered_display": "100", "missing_lines": 0, "excluded_lines": 0}, "missing_lines": [], "excluded_lines": []}, "PromptBuilder.get_system_message": {"executed_lines": [130, 150], "summary": {"covered_lines": 2, "num_statements": 2, "percent_covered": 100.0, "percent_covered_display": "100", "missing_lines": 0, "excluded_lines": 0}, "missing_lines": [], "excluded_lines": []}, "": {"executed_lines": [1, 7, 10, 11, 13, 14, 52, 53, 85, 86, 119, 120], "summary": {"covered_lines": 10, "num_statements": 10, "percent_covered": 100.0, "percent_covered_display": "100", "missing_lines": 0, "excluded_lines": 0}, "missing_lines": [], "excluded_lines": []}}, "classes": {"PromptBuilder": {"executed_lines": [28, 29, 31, 50, 63, 83, 99, 117, 130, 150], "summary": {"covered_lines": 10, "num_statements": 10, "percent_covered": 100.0, "percent_covered_display": "100", "missing_lines": 0, "excluded_lines": 0}, "missing_lines": [], "excluded_lines": []}, "": {"executed_lines": [1, 7, 10, 11, 13, 14, 52, 53, 85, 86, 119, 120], "summary": {"covered_lines": 10, "num_statements": 10, "percent_covered": 100.0, "percent_covered_display": "100", "missing_lines": 0, "excluded_lines": 0}, "missing_lines": [], "excluded_lines": []}}}, "omics_oracle_v2/lib/ai/utils.py": {"executed_lines": [1, 7, 8, 10, 13, 24, 38, 51, 52, 62, 65, 77, 78, 80, 81, 84, 94, 96, 97, 99, 102, 103, 105, 106, 108, 111, 121, 122, 130, 131, 132, 133, 135, 136, 138, 139, 141, 142, 144, 148, 149, 150, 154, 163, 175, 176, 178], "summary": {"covered_lines": 46, "num_statements": 59, "percent_covered": 77.96610169491525, "percent_covered_display": "78", "missing_lines": 13, "excluded_lines": 0}, "missing_lines": [25, 53, 54, 55, 56, 57, 58, 59, 60, 100, 145, 151, 152], "excluded_lines": [], "functions": {"prepare_metadata": {"executed_lines": [24, 38, 51, 52, 62], "summary": {"covered_lines": 5, "num_statements": 14, "percent_covered": 35.714285714285715, "percent_covered_display": "36", "missing_lines": 9, "excluded_lines": 0}, "missing_lines": [25, 53, 54, 55, 56, 57, 58, 59, 60], "excluded_lines": []}, "estimate_tokens": {"executed_lines": [77, 78, 80, 81], "summary": {"covered_lines": 4, "num_statements": 4, "percent_covered": 100.0, "percent_covered_display": "100", "missing_lines": 0, "excluded_lines": 0}, "missing_lines": [], "excluded_lines": []}, "extract_technical_details": {"executed_lines": [94, 96, 97, 99, 102, 103, 105, 106, 108], "summary": {"covered_lines": 9, "num_statements": 10, "percent_covered": 90.0, "percent_covered_display": "90", "missing_lines": 1, "excluded_lines": 0}, "missing_lines": [100], "excluded_lines": []}, "aggregate_batch_statistics": {"executed_lines": [121, 122, 130, 131, 132, 133, 135, 136, 138, 139, 141, 142, 144, 148, 149, 150, 154], "summary": {"covered_lines": 17, "num_statements": 20, "percent_covered": 85.0, "percent_covered_display": "85", "missing_lines": 3, "excluded_lines": 0}, "missing_lines": [145, 151, 152], "excluded_lines": []}, "truncate_text": {"executed_lines": [175, 176, 178], "summary": {"covered_lines": 3, "num_statements": 3, "percent_covered": 100.0, "percent_covered_display": "100", "missing_lines": 0, "excluded_lines": 0}, "missing_lines": [], "excluded_lines": []}, "": {"executed_lines": [1, 7, 8, 10, 13, 65, 84, 111, 163], "summary": {"covered_lines": 8, "num_statements": 8, "percent_covered": 100.0, "percent_covered_display": "100", "missing_lines": 0, "excluded_lines": 0}, "missing_lines": [], "excluded_lines": []}}, "classes": {"": {"executed_lines": [1, 7, 8, 10, 13, 24, 38, 51, 52, 62, 65, 77, 78, 80, 81, 84, 94, 96, 97, 99, 102, 103, 105, 106, 108, 111, 121, 122, 130, 131, 132, 133, 135, 136, 138, 139, 141, 142, 144, 148, 149, 150, 154, 163, 175, 176, 178], "summary": {"covered_lines": 46, "num_statements": 59, "percent_covered": 77.96610169491525, "percent_covered_display": "78", "missing_lines": 13, "excluded_lines": 0}, "missing_lines": [25, 53, 54, 55, 56, 57, 58, 59, 60, 100, 145, 151, 152], "excluded_lines": []}}}}, "totals": {"covered_lines": 208, "num_statements": 234, "percent_covered": 88.88888888888889, "percent_covered_display": "89", "missing_lines": 26, "excluded_lines": 0}}
